<?xml version="1.0" encoding="UTF-8"?>
<testsuite name="TestCase2" tests="1" skipped="0" failures="0" errors="0" timestamp="2018-04-20T13:42:08" hostname="99bc587bd5b1" time="0.037">
  <properties/>
  <testcase name="test" classname="TestCase2" time="0.037"/>
  <system-out><![CDATA[server/172.18.0.2
FROM SERVER: 11
]]></system-out>
  <system-err><![CDATA[]]></system-err>
</testsuite>
